\BOOKMARK [0][-]{chapter.1}{Statics}{}% 1
\BOOKMARK [1][-]{section.1.1}{Definizione\040di\040fluido}{chapter.1}% 2
\BOOKMARK [1][-]{section.1.2}{Equazione\040di\040equilibrio:\040forma\040integrale\040e\040differenziale}{chapter.1}% 3
\BOOKMARK [1][-]{section.1.3}{Legge\040di\040Stevino}{chapter.1}% 4
\BOOKMARK [1][-]{section.1.4}{Galleggiamento\040di\040un\040corpo\040immerso\040in\040un\040fluido}{chapter.1}% 5
\BOOKMARK [1][-]{section.1.5}{Risultante\040delle\040forze:\040legge\040di\040Archimede}{chapter.1}% 6
\BOOKMARK [1][-]{section.1.6}{Punto\040di\040applicazione}{chapter.1}% 7
\BOOKMARK [1][-]{section.1.7}{Stabilità statica dell’equilibrio}{chapter.1}% 8
\BOOKMARK [1][-]{section.1.8}{Exercises}{chapter.1}% 9
\BOOKMARK [2][-]{subsection.1.8.1}{Exercise\0401.1\040}{section.1.8}% 10
\BOOKMARK [2][-]{subsection.1.8.2}{Exercise\0401.2\040}{section.1.8}% 11
\BOOKMARK [2][-]{subsection.1.8.3}{Exercise\0401.3}{section.1.8}% 12
\BOOKMARK [2][-]{subsection.1.8.4}{Exercise\0401.4}{section.1.8}% 13
\BOOKMARK [2][-]{subsection.1.8.5}{Exercise\0401.5}{section.1.8}% 14
\BOOKMARK [2][-]{subsection.1.8.6}{Exercise\0401.6}{section.1.8}% 15
\BOOKMARK [3][-]{subsubsection*.6}{Osservazione.}{subsection.1.8.6}% 16
\BOOKMARK [0][-]{chapter.2}{Surface\040tension}{}% 17
\BOOKMARK [1][-]{section.2.1}{Legge\040di\040Young-Laplace.}{chapter.2}% 18
\BOOKMARK [1][-]{section.2.2}{Legge\040di\040Young-Laplace\040in\040due\040dimensioni}{chapter.2}% 19
\BOOKMARK [2][-]{subsection.2.2.1}{Estensione\040al\040caso\0403D.}{section.2.2}% 20
\BOOKMARK [1][-]{section.2.3}{Exercises}{chapter.2}% 21
\BOOKMARK [2][-]{subsection.2.3.1}{Exercise\0402.1}{section.2.3}% 22
\BOOKMARK [2][-]{subsection.2.3.2}{Exercise\0402.2}{section.2.3}% 23
\BOOKMARK [2][-]{subsection.2.3.3}{Exercise\0402.3}{section.2.3}% 24
\BOOKMARK [0][-]{chapter.3}{Kinematics}{}% 25
\BOOKMARK [1][-]{section.3.1}{Descrizione\040integrale\040lagrangiana\040ed\040euleriana}{chapter.3}% 26
\BOOKMARK [1][-]{section.3.2}{Descrizione\040puntuale\040lagrangiana\040ed\040euleriana}{chapter.3}% 27
\BOOKMARK [1][-]{section.3.3}{Velocità di traslazione, rotazione e deformazione}{chapter.3}% 28
\BOOKMARK [2][-]{subsection.3.3.1}{Tensore gradiente di velocità}{section.3.3}% 29
\BOOKMARK [2][-]{subsection.3.3.2}{Derivate\040temporali\040di\040oggetti\040materiali}{section.3.3}% 30
\BOOKMARK [3][-]{subsubsection*.7}{Vettore\040materiale.}{subsection.3.3.2}% 31
\BOOKMARK [3][-]{subsubsection*.8}{Vettore\040materiale:\040modulo.}{subsection.3.3.2}% 32
\BOOKMARK [3][-]{subsubsection*.10}{Vettore\040materiale:\040direzione.}{subsection.3.3.2}% 33
\BOOKMARK [3][-]{subsubsection*.11}{Angolo\040tra\040vettori\040materiali.}{subsection.3.3.2}% 34
\BOOKMARK [3][-]{subsubsection*.12}{Volume\040generato\040da\040vettori\040materiali.}{subsection.3.3.2}% 35
\BOOKMARK [1][-]{section.3.4}{Curve\040caratteristiche}{chapter.3}% 36
\BOOKMARK [2][-]{subsection.3.4.1}{Osservazione\0401.}{section.3.4}% 37
\BOOKMARK [1][-]{section.3.5}{Exercises}{chapter.3}% 38
\BOOKMARK [2][-]{subsection.3.5.1}{Exercise\0403.1}{section.3.5}% 39
\BOOKMARK [2][-]{subsection.3.5.2}{Exercise\0403.2}{section.3.5}% 40
\BOOKMARK [3][-]{subsubsection*.13}{Osservazione.}{subsection.3.5.2}% 41
\BOOKMARK [2][-]{subsection.3.5.3}{Exercise\0403.3}{section.3.5}% 42
\BOOKMARK [2][-]{subsection.3.5.4}{Exercise\0403.4}{section.3.5}% 43
\BOOKMARK [0][-]{chapter.4}{Balance\040equations}{}% 44
\BOOKMARK [1][-]{section.4.1}{Bilanci\040in\040forma\040integrale}{chapter.4}% 45
\BOOKMARK [1][-]{section.4.2}{Bilancio\040di\040massa}{chapter.4}% 46
\BOOKMARK [1][-]{section.4.3}{Bilancio della quantità di moto}{chapter.4}% 47
\BOOKMARK [1][-]{section.4.4}{Bilancio del momento quantità di moto}{chapter.4}% 48
\BOOKMARK [1][-]{section.4.5}{Bilancio dell’energia totale}{chapter.4}% 49
\BOOKMARK [1][-]{section.4.6}{Bilanci\040integrali\040per\040volumi\040in\040moto\040arbitrario}{chapter.4}% 50
\BOOKMARK [1][-]{section.4.7}{Bilanci\040integrali\040per\040volumi\040di\040controllo\040fissi}{chapter.4}% 51
\BOOKMARK [1][-]{section.4.8}{Bilanci\040in\040forma\040differenziale}{chapter.4}% 52
\BOOKMARK [1][-]{section.4.9}{Bilancio\040di\040massa}{chapter.4}% 53
\BOOKMARK [1][-]{section.4.10}{Bilancio di quantità di moto}{chapter.4}% 54
\BOOKMARK [1][-]{section.4.11}{Bilancio del momento della quantità di moto}{chapter.4}% 55
\BOOKMARK [1][-]{section.4.12}{Bilancio dell’energia totale}{chapter.4}% 56
\BOOKMARK [1][-]{section.4.13}{Chiusura\040del\040problema}{chapter.4}% 57
\BOOKMARK [1][-]{section.4.14}{Altre\040equazioni\040di\040bilancio}{chapter.4}% 58
\BOOKMARK [2][-]{subsection.4.14.1}{Equazione dell’energia cinetica}{section.4.14}% 59
\BOOKMARK [2][-]{subsection.4.14.2}{Equazione dell’energia interna}{section.4.14}% 60
\BOOKMARK [2][-]{subsection.4.14.3}{Equazione della vorticità}{section.4.14}% 61
\BOOKMARK [2][-]{subsection.4.14.4}{Equazione dell’entropia}{section.4.14}% 62
\BOOKMARK [1][-]{section.4.15}{Relazioni\040di\040salto}{chapter.4}% 63
\BOOKMARK [1][-]{section.4.16}{Exercises}{chapter.4}% 64
\BOOKMARK [2][-]{subsection.4.16.1}{Approfondimenti\040su\040alcuni\040bilanci}{section.4.16}% 65
\BOOKMARK [3][-]{subsubsection*.17}{Continuità}{subsection.4.16.1}% 66
\BOOKMARK [3][-]{subsubsection*.18}{Quantità di moto}{subsection.4.16.1}% 67
\BOOKMARK [3][-]{subsubsection*.19}{Vorticità}{subsection.4.16.1}% 68
\BOOKMARK [2][-]{subsection.4.16.2}{Exercise\0404.1}{section.4.16}% 69
\BOOKMARK [3][-]{subsubsection*.20}{Bilancio della quantità di moto e risultante delle forze.}{subsection.4.16.2}% 70
\BOOKMARK [3][-]{subsubsection*.22}{Bilancio del momento della quantità di moto e risultante dei momenti.}{subsection.4.16.2}% 71
\BOOKMARK [3][-]{subsubsection*.23}{Bilancio dell’energia totale.}{subsection.4.16.2}% 72
\BOOKMARK [3][-]{subsubsection*.24}{Sistemi\040aperti}{subsection.4.16.2}% 73
\BOOKMARK [3][-]{subsubsection*.25}{Sistemi\040chiusi}{subsection.4.16.2}% 74
\BOOKMARK [2][-]{subsection.4.16.3}{Exercise\0404.2}{section.4.16}% 75
\BOOKMARK [2][-]{subsection.4.16.4}{Exercise\0404.3}{section.4.16}% 76
\BOOKMARK [2][-]{subsection.4.16.5}{Exercise\0404.4}{section.4.16}% 77
\BOOKMARK [2][-]{subsection.4.16.6}{Exercise\0404.5}{section.4.16}% 78
\BOOKMARK [2][-]{subsection.4.16.7}{Exercise\0404.6}{section.4.16}% 79
\BOOKMARK [2][-]{subsection.4.16.8}{Exercise\0404.7}{section.4.16}% 80
\BOOKMARK [2][-]{subsection.4.16.9}{Exercise\0404.7}{section.4.16}% 81
\BOOKMARK [2][-]{subsection.4.16.10}{Exercise\0404.8}{section.4.16}% 82
\BOOKMARK [2][-]{subsection.4.16.11}{Exercise\0404.9}{section.4.16}% 83
\BOOKMARK [2][-]{subsection.4.16.12}{Exercise\0404.9\040-\040Experiment:\040wake\040defect}{section.4.16}% 84
\BOOKMARK [3][-]{subsubsection*.28}{Risultante delle forze: bilancio di quantità di moto di un volume di controllo .}{subsection.4.16.12}% 85
\BOOKMARK [3][-]{subsubsection*.29}{Risultante\040delle\040forze:\040discretizzazione.}{subsection.4.16.12}% 86
\BOOKMARK [3][-]{subsubsection*.30}{Sensitività della risultante al campo di velocità.}{subsection.4.16.12}% 87
\BOOKMARK [3][-]{subsubsection*.31}{Sensitività della risultante alle misure di velocità.}{subsection.4.16.12}% 88
\BOOKMARK [3][-]{subsubsection*.32}{Sensitività della risultante alle misure di velocità: discretizzazione.}{subsection.4.16.12}% 89
\BOOKMARK [3][-]{subsubsection*.33}{Osservazione\0401.}{subsection.4.16.12}% 90
\BOOKMARK [3][-]{subsubsection*.34}{Osservazione\0402.}{subsection.4.16.12}% 91
\BOOKMARK [3][-]{subsubsection*.35}{Incertezza sulla risultante dall’incertezza sulla misura di velocità.}{subsection.4.16.12}% 92
\BOOKMARK [3][-]{subsubsection*.36}{Cenni\040sugli\040elementi\040finiti.\040\173#sec:fem\175}{subsection.4.16.12}% 93
\BOOKMARK [2][-]{subsection.4.16.13}{Exercise\0404.10}{section.4.16}% 94
\BOOKMARK [2][-]{subsection.4.16.14}{Exercise\0404.11}{section.4.16}% 95
\BOOKMARK [2][-]{subsection.4.16.15}{Exercise\0404.12}{section.4.16}% 96
\BOOKMARK [2][-]{subsection.4.16.16}{Exercise\0404.13}{section.4.16}% 97
\BOOKMARK [3][-]{subsubsection*.38}{Formula\040della\040spinta.}{subsection.4.16.16}% 98
\BOOKMARK [3][-]{subsubsection*.39}{Analisi\040del\040motore.}{subsection.4.16.16}% 99
\BOOKMARK [0][-]{chapter.5}{Bernoulli\040theorems\040and\040vorticity\040dynamics}{}% 100
\BOOKMARK [1][-]{section.5.1}{Prima\040forma\040del\040teorema\040di\040Bernoulli}{chapter.5}% 101
\BOOKMARK [1][-]{section.5.2}{Seconda\040forma\040del\040teorema\040di\040Bernoulli}{chapter.5}% 102
\BOOKMARK [1][-]{section.5.3}{Terza\040forma\040del\040teorema\040di\040Bernoulli}{chapter.5}% 103
\BOOKMARK [1][-]{section.5.4}{Teoremi\040di\040Bernoulli\040per\040fluidi\040viscosi\040incomprimibili}{chapter.5}% 104
